  Entity.cpp
c:\users\allou\desktop\esgiwork\cplusplus\pa\spaceinvaderjm\spaceinvaderjm\entity.cpp(3): warning C4244: 'argument' : conversion de 'int' en 'T', perte possible de données
          with
          [
              T=float
          ]
c:\users\allou\desktop\esgiwork\cplusplus\pa\spaceinvaderjm\spaceinvaderjm\entity.cpp(53): warning C4244: 'return' : conversion de 'const T' en 'int', perte possible de données
          with
          [
              T=float
          ]
c:\users\allou\desktop\esgiwork\cplusplus\pa\spaceinvaderjm\spaceinvaderjm\entity.cpp(58): warning C4244: 'return' : conversion de 'const T' en 'int', perte possible de données
          with
          [
              T=float
          ]
c:\users\allou\desktop\esgiwork\cplusplus\pa\spaceinvaderjm\spaceinvaderjm\entity.cpp(70): warning C4244: '=' : conversion de 'int' en 'T', perte possible de données
          with
          [
              T=float
          ]
c:\users\allou\desktop\esgiwork\cplusplus\pa\spaceinvaderjm\spaceinvaderjm\entity.cpp(71): warning C4244: '=' : conversion de 'int' en 'T', perte possible de données
          with
          [
              T=float
          ]
  Game.cpp
c:\users\allou\desktop\esgiwork\cplusplus\pa\spaceinvaderjm\spaceinvaderjm\game.cpp(101): warning C4018: '<' : incompatibilité signed/unsigned
c:\users\allou\desktop\esgiwork\cplusplus\pa\spaceinvaderjm\spaceinvaderjm\game.cpp(124): warning C4018: '<' : incompatibilité signed/unsigned
c:\users\allou\desktop\esgiwork\cplusplus\pa\spaceinvaderjm\spaceinvaderjm\game.cpp(128): warning C4244: '-=' : conversion de 'float' en 'int', perte possible de données
c:\users\allou\desktop\esgiwork\cplusplus\pa\spaceinvaderjm\spaceinvaderjm\game.cpp(204): warning C4244: 'argument' : conversion de 'int' en 'T', perte possible de données
          with
          [
              T=float
          ]
c:\users\allou\desktop\esgiwork\cplusplus\pa\spaceinvaderjm\spaceinvaderjm\game.cpp(210): warning C4018: '<' : incompatibilité signed/unsigned
c:\users\allou\desktop\esgiwork\cplusplus\pa\spaceinvaderjm\spaceinvaderjm\game.cpp(218): warning C4018: '<' : incompatibilité signed/unsigned
c:\users\allou\desktop\esgiwork\cplusplus\pa\spaceinvaderjm\spaceinvaderjm\game.cpp(220): warning C4018: '<' : incompatibilité signed/unsigned
  Wall.cpp
c:\users\allou\desktop\esgiwork\cplusplus\pa\spaceinvaderjm\spaceinvaderjm\wall.cpp(1): warning C4067: jetons inattendus après la directive du préprocesseur - saut de ligne attendu
  Génération de code en cours...
c:\users\allou\desktop\esgiwork\cplusplus\pa\spaceinvaderjm\spaceinvaderjm\game.cpp(119): warning C4715: 'Game::mainloop' : les chemins de contrôle ne retournent pas tous une valeur
  SpaceInvaderJM.vcxproj -> C:\Users\allou\Desktop\esgiWork\cplusplus\pa\SpaceInvaderJM\Debug\SpaceInvaderJM.exe
